<?xml version="1.0" encoding="UTF-8"?>
<testsuite name="com.emse.spring.automacorp.AutomacorpApplicationTests" tests="1" skipped="0" failures="0" errors="0" timestamp="2024-10-20T14:10:25" hostname="LAPTOP-9IMPH068" time="1.139">
  <properties/>
  <testcase name="contextLoads()" classname="com.emse.spring.automacorp.AutomacorpApplicationTests" time="1.139"/>
  <system-out><![CDATA[16:10:16.945 [Test worker] INFO org.springframework.test.context.support.AnnotationConfigContextLoaderUtils -- Could not detect default configuration classes for test class [com.emse.spring.automacorp.AutomacorpApplicationTests]: AutomacorpApplicationTests does not declare any static, non-private, non-final, nested classes annotated with @Configuration.
16:10:17.227 [Test worker] INFO org.springframework.boot.test.context.SpringBootTestContextBootstrapper -- Found @SpringBootConfiguration com.emse.spring.automacorp.AutomacorpApplication for test class com.emse.spring.automacorp.AutomacorpApplicationTests

  .   ____          _            __ _ _
 /\\ / ___'_ __ _ _(_)_ __  __ _ \ \ \ \
( ( )\___ | '_ | '_| | '_ \/ _` | \ \ \ \
 \\/  ___)| |_)| | | | | || (_| |  ) ) ) )
  '  |____| .__|_| |_|_| |_\__, | / / / /
 =========|_|==============|___/=/_/_/_/

 :: Spring Boot ::                (v3.3.4)

2024-10-20T16:10:17.975+02:00  INFO 46533 --- [automacorp] [    Test worker] c.e.s.a.AutomacorpApplicationTests       : Starting AutomacorpApplicationTests using Java 21.0.4 with PID 46533 (started by root in /root/automacorp)
2024-10-20T16:10:17.979+02:00  INFO 46533 --- [automacorp] [    Test worker] c.e.s.a.AutomacorpApplicationTests       : No active profile set, falling back to 1 default profile: "default"
2024-10-20T16:10:19.679+02:00  INFO 46533 --- [automacorp] [    Test worker] .s.d.r.c.RepositoryConfigurationDelegate : Bootstrapping Spring Data JPA repositories in DEFAULT mode.
2024-10-20T16:10:19.716+02:00  INFO 46533 --- [automacorp] [    Test worker] .s.d.r.c.RepositoryConfigurationDelegate : Finished Spring Data repository scanning in 19 ms. Found 0 JPA repository interfaces.
2024-10-20T16:10:20.264+02:00  INFO 46533 --- [automacorp] [    Test worker] com.zaxxer.hikari.HikariDataSource       : HikariPool-1 - Starting...
2024-10-20T16:10:20.843+02:00  INFO 46533 --- [automacorp] [    Test worker] com.zaxxer.hikari.pool.HikariPool        : HikariPool-1 - Added connection conn0: url=jdbc:h2:mem:automacorp user=SA
2024-10-20T16:10:20.853+02:00  INFO 46533 --- [automacorp] [    Test worker] com.zaxxer.hikari.HikariDataSource       : HikariPool-1 - Start completed.
2024-10-20T16:10:21.002+02:00  INFO 46533 --- [automacorp] [    Test worker] o.hibernate.jpa.internal.util.LogHelper  : HHH000204: Processing PersistenceUnitInfo [name: default]
2024-10-20T16:10:21.172+02:00  INFO 46533 --- [automacorp] [    Test worker] org.hibernate.Version                    : HHH000412: Hibernate ORM core version 6.5.3.Final
2024-10-20T16:10:21.247+02:00  INFO 46533 --- [automacorp] [    Test worker] o.h.c.internal.RegionFactoryInitiator    : HHH000026: Second-level cache disabled
2024-10-20T16:10:22.076+02:00  INFO 46533 --- [automacorp] [    Test worker] o.s.o.j.p.SpringPersistenceUnitInfo      : No LoadTimeWeaver setup: ignoring JPA class transformer
2024-10-20T16:10:24.212+02:00  INFO 46533 --- [automacorp] [    Test worker] o.h.e.t.j.p.i.JtaPlatformInitiator       : HHH000489: No JTA platform available (set 'hibernate.transaction.jta.platform' to enable JTA platform integration)
2024-10-20T16:10:24.338+02:00  INFO 46533 --- [automacorp] [    Test worker] j.LocalContainerEntityManagerFactoryBean : Initialized JPA EntityManagerFactory for persistence unit 'default'
2024-10-20T16:10:24.562+02:00  WARN 46533 --- [automacorp] [    Test worker] JpaBaseConfiguration$JpaWebConfiguration : spring.jpa.open-in-view is enabled by default. Therefore, database queries may be performed during view rendering. Explicitly configure spring.jpa.open-in-view to disable this warning
2024-10-20T16:10:24.597+02:00  INFO 46533 --- [automacorp] [    Test worker] o.s.b.a.w.s.WelcomePageHandlerMapping    : Adding welcome page: class path resource [static/index.html]
2024-10-20T16:10:25.222+02:00  INFO 46533 --- [automacorp] [    Test worker] o.s.b.a.h2.H2ConsoleAutoConfiguration    : H2 console available at '/console'. Database available at 'jdbc:h2:mem:automacorp'
2024-10-20T16:10:25.304+02:00  INFO 46533 --- [automacorp] [    Test worker] c.e.s.a.AutomacorpApplicationTests       : Started AutomacorpApplicationTests in 7.739 seconds (process running for 11.268)
Hello, Spring!
]]></system-out>
  <system-err><![CDATA[WARNING: A Java agent has been loaded dynamically (/root/.gradle/caches/modules-2/files-2.1/net.bytebuddy/byte-buddy-agent/1.14.19/154da3a65b4f4a909d3e5bdec55d1b2b4cbb6ce1/byte-buddy-agent-1.14.19.jar)
WARNING: If a serviceability tool is in use, please run with -XX:+EnableDynamicAgentLoading to hide this warning
WARNING: If a serviceability tool is not in use, please run with -Djdk.instrument.traceUsage for more information
WARNING: Dynamic loading of agents will be disallowed by default in a future release
]]></system-err>
</testsuite>
